<?xml version="1.0" encoding="UTF-8" ?>
<testsuite failures="0" time="3.047" errors="0" skipped="0" tests="3" name="com.lscc.entity.test.integration.TravellerActiveRecordIntegrationTest">
  <properties>
[...]
</properties>
  <testcase time="2.777" classname="com.lscc.entity.test.integration.TravellerActiveRecordIntegrationTest" name="testTravellerSelfCreation"/>
  <testcase time="0.053" classname="com.lscc.entity.test.integration.TravellerActiveRecordIntegrationTest" name="testTravellerEdition"/>
  <testcase time="0.015" classname="com.lscc.entity.test.integration.TravellerActiveRecordIntegrationTest" name="testDeleteTraveller"/>
</testsuite>